{"C:\\Users\\99\\Dropbox\\Internet Computing\\WorkingDirectory\\assign3\\javascripts\\ball.js":{"path":"C:\\Users\\99\\Dropbox\\Internet Computing\\WorkingDirectory\\assign3\\javascripts\\ball.js","s":{"1":1,"2":12,"3":24,"4":12,"5":12,"6":12,"7":12,"8":12,"9":12,"10":12,"11":12,"12":12,"13":12,"14":12,"15":1,"16":1,"17":1,"18":1,"19":1,"20":1,"21":1,"22":1,"23":1,"24":1,"25":1,"26":1,"27":6,"28":6,"29":6,"30":6,"31":3,"32":3,"33":1,"34":7,"35":1,"36":6,"37":2,"38":4,"39":1,"40":3,"41":2,"42":2,"43":1,"44":1,"45":1,"46":1,"47":1,"48":1},"b":{"1":[3,3],"2":[1,6],"3":[2,4],"4":[6,5],"5":[1,3],"6":[2,1]},"f":{"1":12,"2":24,"3":1,"4":1,"5":6,"6":7,"7":1},"fnMap":{"1":{"name":"(anonymous_1)","line":1,"loc":{"start":{"line":1,"column":11},"end":{"line":1,"column":32}}},"2":{"name":"(anonymous_2)","line":2,"loc":{"start":{"line":2,"column":20},"end":{"line":2,"column":39}}},"3":{"name":"(anonymous_3)","line":23,"loc":{"start":{"line":23,"column":26},"end":{"line":23,"column":44}}},"4":{"name":"(anonymous_4)","line":33,"loc":{"start":{"line":33,"column":36},"end":{"line":33,"column":47}}},"5":{"name":"(anonymous_5)","line":38,"loc":{"start":{"line":38,"column":43},"end":{"line":38,"column":54}}},"6":{"name":"(anonymous_6)","line":51,"loc":{"start":{"line":51,"column":33},"end":{"line":51,"column":51}}},"7":{"name":"(anonymous_7)","line":70,"loc":{"start":{"line":70,"column":28},"end":{"line":70,"column":42}}}},"statementMap":{"1":{"start":{"line":1,"column":0},"end":{"line":20,"column":1}},"2":{"start":{"line":2,"column":1},"end":{"line":4,"column":2}},"3":{"start":{"line":3,"column":2},"end":{"line":3,"column":59}},"4":{"start":{"line":6,"column":1},"end":{"line":6,"column":18}},"5":{"start":{"line":7,"column":1},"end":{"line":7,"column":32}},"6":{"start":{"line":8,"column":1},"end":{"line":8,"column":20}},"7":{"start":{"line":10,"column":1},"end":{"line":10,"column":35}},"8":{"start":{"line":11,"column":1},"end":{"line":11,"column":56}},"9":{"start":{"line":13,"column":1},"end":{"line":13,"column":69}},"10":{"start":{"line":14,"column":1},"end":{"line":14,"column":70}},"11":{"start":{"line":16,"column":1},"end":{"line":16,"column":51}},"12":{"start":{"line":17,"column":1},"end":{"line":17,"column":81}},"13":{"start":{"line":18,"column":1},"end":{"line":18,"column":47}},"14":{"start":{"line":19,"column":1},"end":{"line":19,"column":47}},"15":{"start":{"line":23,"column":0},"end":{"line":31,"column":1}},"16":{"start":{"line":24,"column":1},"end":{"line":24,"column":21}},"17":{"start":{"line":25,"column":1},"end":{"line":25,"column":23}},"18":{"start":{"line":26,"column":1},"end":{"line":26,"column":34}},"19":{"start":{"line":27,"column":1},"end":{"line":27,"column":32}},"20":{"start":{"line":28,"column":1},"end":{"line":28,"column":71}},"21":{"start":{"line":29,"column":1},"end":{"line":29,"column":16}},"22":{"start":{"line":30,"column":1},"end":{"line":30,"column":18}},"23":{"start":{"line":33,"column":0},"end":{"line":36,"column":1}},"24":{"start":{"line":34,"column":1},"end":{"line":34,"column":23}},"25":{"start":{"line":35,"column":1},"end":{"line":35,"column":23}},"26":{"start":{"line":38,"column":0},"end":{"line":49,"column":1}},"27":{"start":{"line":40,"column":1},"end":{"line":40,"column":33}},"28":{"start":{"line":42,"column":1},"end":{"line":42,"column":33}},"29":{"start":{"line":43,"column":1},"end":{"line":43,"column":33}},"30":{"start":{"line":45,"column":1},"end":{"line":48,"column":2}},"31":{"start":{"line":46,"column":2},"end":{"line":46,"column":19}},"32":{"start":{"line":47,"column":2},"end":{"line":47,"column":40}},"33":{"start":{"line":51,"column":0},"end":{"line":68,"column":1}},"34":{"start":{"line":53,"column":1},"end":{"line":54,"column":12}},"35":{"start":{"line":54,"column":2},"end":{"line":54,"column":12}},"36":{"start":{"line":55,"column":1},"end":{"line":67,"column":2}},"37":{"start":{"line":56,"column":2},"end":{"line":56,"column":33}},"38":{"start":{"line":57,"column":6},"end":{"line":67,"column":2}},"39":{"start":{"line":58,"column":2},"end":{"line":58,"column":33}},"40":{"start":{"line":59,"column":6},"end":{"line":67,"column":2}},"41":{"start":{"line":60,"column":2},"end":{"line":60,"column":35}},"42":{"start":{"line":61,"column":2},"end":{"line":61,"column":33}},"43":{"start":{"line":64,"column":2},"end":{"line":64,"column":16}},"44":{"start":{"line":65,"column":2},"end":{"line":65,"column":18}},"45":{"start":{"line":66,"column":2},"end":{"line":66,"column":18}},"46":{"start":{"line":70,"column":0},"end":{"line":72,"column":1}},"47":{"start":{"line":71,"column":1},"end":{"line":71,"column":34}},"48":{"start":{"line":75,"column":0},"end":{"line":75,"column":20}}},"branchMap":{"1":{"line":45,"type":"if","locations":[{"start":{"line":45,"column":1},"end":{"line":45,"column":1}},{"start":{"line":45,"column":1},"end":{"line":45,"column":1}}]},"2":{"line":53,"type":"if","locations":[{"start":{"line":53,"column":1},"end":{"line":53,"column":1}},{"start":{"line":53,"column":1},"end":{"line":53,"column":1}}]},"3":{"line":55,"type":"if","locations":[{"start":{"line":55,"column":1},"end":{"line":55,"column":1}},{"start":{"line":55,"column":1},"end":{"line":55,"column":1}}]},"4":{"line":55,"type":"binary-expr","locations":[{"start":{"line":55,"column":4},"end":{"line":55,"column":22}},{"start":{"line":55,"column":26},"end":{"line":55,"column":43}}]},"5":{"line":57,"type":"if","locations":[{"start":{"line":57,"column":6},"end":{"line":57,"column":6}},{"start":{"line":57,"column":6},"end":{"line":57,"column":6}}]},"6":{"line":59,"type":"if","locations":[{"start":{"line":59,"column":6},"end":{"line":59,"column":6}},{"start":{"line":59,"column":6},"end":{"line":59,"column":6}}]}}},"C:\\Users\\99\\Dropbox\\Internet Computing\\WorkingDirectory\\assign3\\javascripts\\gamelogic.js":{"path":"C:\\Users\\99\\Dropbox\\Internet Computing\\WorkingDirectory\\assign3\\javascripts\\gamelogic.js","s":{"1":1,"2":4,"3":1,"4":3,"5":1,"6":2,"7":1,"8":1,"9":1,"10":11,"11":11,"12":6,"13":5,"14":1,"15":4,"16":1,"17":3,"18":2,"19":1,"20":1,"21":1,"22":1,"23":3,"24":5,"25":5,"26":5,"27":5,"28":5,"29":1,"30":1,"31":5,"32":3,"33":2,"34":1,"35":3,"36":3,"37":2,"38":1,"39":1,"40":3,"41":1,"42":8,"43":8,"44":8,"45":8,"46":4,"47":4,"48":1,"49":4,"50":4,"51":4,"52":4,"53":4,"54":4,"55":1,"56":4,"57":4,"58":4,"59":4,"60":4,"61":4,"62":4,"63":4,"64":1,"65":2,"66":6,"67":6,"68":6,"69":3,"70":3,"71":1,"72":4,"73":4,"74":10,"75":10,"76":8,"77":3,"78":3,"79":3,"80":4,"81":2,"82":1,"83":1,"84":1,"85":1,"86":1,"87":1,"88":1,"89":1,"90":1,"91":1},"b":{"1":[1,3],"2":[1,2],"3":[1,1],"4":[6,5],"5":[1,4],"6":[1,3],"7":[2,1],"8":[1,1],"9":[2,2],"10":[1,4],"11":[3,2],"12":[5,5],"13":[2,1],"14":[1,1],"15":[4,4],"16":[3,3],"17":[3,5],"18":[8,3],"19":[2,2]},"f":{"1":4,"2":11,"3":3,"4":5,"5":3,"6":8,"7":4,"8":4,"9":2,"10":4},"fnMap":{"1":{"name":"(anonymous_1)","line":1,"loc":{"start":{"line":1,"column":21},"end":{"line":1,"column":55}}},"2":{"name":"(anonymous_2)","line":12,"loc":{"start":{"line":12,"column":23},"end":{"line":12,"column":44}}},"3":{"name":"(anonymous_3)","line":29,"loc":{"start":{"line":29,"column":18},"end":{"line":29,"column":32}}},"4":{"name":"(anonymous_4)","line":44,"loc":{"start":{"line":44,"column":17},"end":{"line":44,"column":31}}},"5":{"name":"(anonymous_5)","line":50,"loc":{"start":{"line":50,"column":18},"end":{"line":50,"column":32}}},"6":{"name":"(anonymous_6)","line":63,"loc":{"start":{"line":63,"column":26},"end":{"line":63,"column":58}}},"7":{"name":"(anonymous_7)","line":72,"loc":{"start":{"line":72,"column":33},"end":{"line":72,"column":60}}},"8":{"name":"(anonymous_8)","line":95,"loc":{"start":{"line":95,"column":32},"end":{"line":95,"column":67}}},"9":{"name":"(anonymous_9)","line":106,"loc":{"start":{"line":106,"column":29},"end":{"line":106,"column":43}}},"10":{"name":"(anonymous_10)","line":118,"loc":{"start":{"line":118,"column":32},"end":{"line":118,"column":46}}}},"statementMap":{"1":{"start":{"line":1,"column":0},"end":{"line":10,"column":1}},"2":{"start":{"line":2,"column":1},"end":{"line":3,"column":23}},"3":{"start":{"line":3,"column":2},"end":{"line":3,"column":23}},"4":{"start":{"line":4,"column":1},"end":{"line":9,"column":28}},"5":{"start":{"line":5,"column":2},"end":{"line":5,"column":40}},"6":{"start":{"line":6,"column":6},"end":{"line":9,"column":28}},"7":{"start":{"line":7,"column":2},"end":{"line":7,"column":52}},"8":{"start":{"line":9,"column":2},"end":{"line":9,"column":28}},"9":{"start":{"line":12,"column":0},"end":{"line":27,"column":1}},"10":{"start":{"line":13,"column":1},"end":{"line":13,"column":49}},"11":{"start":{"line":15,"column":1},"end":{"line":16,"column":17}},"12":{"start":{"line":16,"column":2},"end":{"line":16,"column":17}},"13":{"start":{"line":17,"column":1},"end":{"line":18,"column":16}},"14":{"start":{"line":18,"column":2},"end":{"line":18,"column":16}},"15":{"start":{"line":19,"column":1},"end":{"line":20,"column":18}},"16":{"start":{"line":20,"column":2},"end":{"line":20,"column":18}},"17":{"start":{"line":21,"column":1},"end":{"line":26,"column":21}},"18":{"start":{"line":22,"column":2},"end":{"line":24,"column":28}},"19":{"start":{"line":23,"column":3},"end":{"line":23,"column":19}},"20":{"start":{"line":24,"column":7},"end":{"line":24,"column":28}},"21":{"start":{"line":26,"column":6},"end":{"line":26,"column":21}},"22":{"start":{"line":29,"column":0},"end":{"line":42,"column":1}},"23":{"start":{"line":30,"column":1},"end":{"line":41,"column":2}},"24":{"start":{"line":31,"column":2},"end":{"line":31,"column":52}},"25":{"start":{"line":33,"column":2},"end":{"line":33,"column":40}},"26":{"start":{"line":35,"column":2},"end":{"line":35,"column":36}},"27":{"start":{"line":37,"column":2},"end":{"line":37,"column":37}},"28":{"start":{"line":39,"column":2},"end":{"line":40,"column":26}},"29":{"start":{"line":40,"column":3},"end":{"line":40,"column":26}},"30":{"start":{"line":44,"column":0},"end":{"line":48,"column":1}},"31":{"start":{"line":45,"column":1},"end":{"line":46,"column":15}},"32":{"start":{"line":46,"column":2},"end":{"line":46,"column":15}},"33":{"start":{"line":47,"column":1},"end":{"line":47,"column":13}},"34":{"start":{"line":50,"column":0},"end":{"line":61,"column":1}},"35":{"start":{"line":51,"column":1},"end":{"line":51,"column":50}},"36":{"start":{"line":53,"column":1},"end":{"line":58,"column":2}},"37":{"start":{"line":54,"column":2},"end":{"line":57,"column":3}},"38":{"start":{"line":55,"column":3},"end":{"line":55,"column":28}},"39":{"start":{"line":56,"column":3},"end":{"line":56,"column":29}},"40":{"start":{"line":60,"column":1},"end":{"line":60,"column":17}},"41":{"start":{"line":63,"column":0},"end":{"line":70,"column":1}},"42":{"start":{"line":64,"column":2},"end":{"line":64,"column":52}},"43":{"start":{"line":65,"column":2},"end":{"line":65,"column":52}},"44":{"start":{"line":66,"column":2},"end":{"line":66,"column":52}},"45":{"start":{"line":67,"column":2},"end":{"line":68,"column":15}},"46":{"start":{"line":68,"column":3},"end":{"line":68,"column":15}},"47":{"start":{"line":69,"column":2},"end":{"line":69,"column":15}},"48":{"start":{"line":72,"column":0},"end":{"line":93,"column":1}},"49":{"start":{"line":73,"column":2},"end":{"line":74,"column":86}},"50":{"start":{"line":76,"column":2},"end":{"line":77,"column":86}},"51":{"start":{"line":79,"column":2},"end":{"line":80,"column":86}},"52":{"start":{"line":82,"column":2},"end":{"line":83,"column":86}},"53":{"start":{"line":85,"column":2},"end":{"line":90,"column":4}},"54":{"start":{"line":92,"column":2},"end":{"line":92,"column":16}},"55":{"start":{"line":95,"column":0},"end":{"line":104,"column":1}},"56":{"start":{"line":96,"column":2},"end":{"line":96,"column":36}},"57":{"start":{"line":97,"column":2},"end":{"line":97,"column":36}},"58":{"start":{"line":98,"column":2},"end":{"line":98,"column":36}},"59":{"start":{"line":99,"column":2},"end":{"line":99,"column":36}},"60":{"start":{"line":100,"column":2},"end":{"line":100,"column":32}},"61":{"start":{"line":101,"column":2},"end":{"line":101,"column":32}},"62":{"start":{"line":102,"column":2},"end":{"line":102,"column":32}},"63":{"start":{"line":103,"column":2},"end":{"line":103,"column":32}},"64":{"start":{"line":106,"column":0},"end":{"line":116,"column":1}},"65":{"start":{"line":107,"column":1},"end":{"line":115,"column":2}},"66":{"start":{"line":108,"column":2},"end":{"line":108,"column":16}},"67":{"start":{"line":109,"column":2},"end":{"line":114,"column":3}},"68":{"start":{"line":110,"column":3},"end":{"line":113,"column":4}},"69":{"start":{"line":111,"column":4},"end":{"line":111,"column":75}},"70":{"start":{"line":112,"column":4},"end":{"line":112,"column":69}},"71":{"start":{"line":118,"column":0},"end":{"line":134,"column":1}},"72":{"start":{"line":119,"column":1},"end":{"line":119,"column":30}},"73":{"start":{"line":120,"column":1},"end":{"line":130,"column":2}},"74":{"start":{"line":121,"column":2},"end":{"line":121,"column":16}},"75":{"start":{"line":122,"column":2},"end":{"line":129,"column":3}},"76":{"start":{"line":123,"column":3},"end":{"line":128,"column":4}},"77":{"start":{"line":125,"column":4},"end":{"line":125,"column":47}},"78":{"start":{"line":126,"column":4},"end":{"line":126,"column":27}},"79":{"start":{"line":127,"column":4},"end":{"line":127,"column":28}},"80":{"start":{"line":132,"column":1},"end":{"line":133,"column":33}},"81":{"start":{"line":133,"column":2},"end":{"line":133,"column":33}},"82":{"start":{"line":137,"column":0},"end":{"line":137,"column":32}},"83":{"start":{"line":138,"column":0},"end":{"line":138,"column":34}},"84":{"start":{"line":139,"column":0},"end":{"line":139,"column":34}},"85":{"start":{"line":140,"column":0},"end":{"line":140,"column":40}},"86":{"start":{"line":141,"column":0},"end":{"line":141,"column":44}},"87":{"start":{"line":142,"column":0},"end":{"line":142,"column":50}},"88":{"start":{"line":143,"column":0},"end":{"line":143,"column":64}},"89":{"start":{"line":144,"column":0},"end":{"line":144,"column":62}},"90":{"start":{"line":145,"column":0},"end":{"line":145,"column":56}},"91":{"start":{"line":146,"column":0},"end":{"line":146,"column":62}}},"branchMap":{"1":{"line":2,"type":"if","locations":[{"start":{"line":2,"column":1},"end":{"line":2,"column":1}},{"start":{"line":2,"column":1},"end":{"line":2,"column":1}}]},"2":{"line":4,"type":"if","locations":[{"start":{"line":4,"column":1},"end":{"line":4,"column":1}},{"start":{"line":4,"column":1},"end":{"line":4,"column":1}}]},"3":{"line":6,"type":"if","locations":[{"start":{"line":6,"column":6},"end":{"line":6,"column":6}},{"start":{"line":6,"column":6},"end":{"line":6,"column":6}}]},"4":{"line":15,"type":"if","locations":[{"start":{"line":15,"column":1},"end":{"line":15,"column":1}},{"start":{"line":15,"column":1},"end":{"line":15,"column":1}}]},"5":{"line":17,"type":"if","locations":[{"start":{"line":17,"column":1},"end":{"line":17,"column":1}},{"start":{"line":17,"column":1},"end":{"line":17,"column":1}}]},"6":{"line":19,"type":"if","locations":[{"start":{"line":19,"column":1},"end":{"line":19,"column":1}},{"start":{"line":19,"column":1},"end":{"line":19,"column":1}}]},"7":{"line":21,"type":"if","locations":[{"start":{"line":21,"column":1},"end":{"line":21,"column":1}},{"start":{"line":21,"column":1},"end":{"line":21,"column":1}}]},"8":{"line":22,"type":"if","locations":[{"start":{"line":22,"column":2},"end":{"line":22,"column":2}},{"start":{"line":22,"column":2},"end":{"line":22,"column":2}}]},"9":{"line":22,"type":"binary-expr","locations":[{"start":{"line":22,"column":5},"end":{"line":22,"column":67}},{"start":{"line":22,"column":71},"end":{"line":22,"column":133}}]},"10":{"line":39,"type":"if","locations":[{"start":{"line":39,"column":2},"end":{"line":39,"column":2}},{"start":{"line":39,"column":2},"end":{"line":39,"column":2}}]},"11":{"line":45,"type":"if","locations":[{"start":{"line":45,"column":1},"end":{"line":45,"column":1}},{"start":{"line":45,"column":1},"end":{"line":45,"column":1}}]},"12":{"line":45,"type":"binary-expr","locations":[{"start":{"line":45,"column":4},"end":{"line":45,"column":24}},{"start":{"line":45,"column":28},"end":{"line":45,"column":51}}]},"13":{"line":53,"type":"if","locations":[{"start":{"line":53,"column":1},"end":{"line":53,"column":1}},{"start":{"line":53,"column":1},"end":{"line":53,"column":1}}]},"14":{"line":54,"type":"if","locations":[{"start":{"line":54,"column":2},"end":{"line":54,"column":2}},{"start":{"line":54,"column":2},"end":{"line":54,"column":2}}]},"15":{"line":67,"type":"if","locations":[{"start":{"line":67,"column":2},"end":{"line":67,"column":2}},{"start":{"line":67,"column":2},"end":{"line":67,"column":2}}]},"16":{"line":110,"type":"if","locations":[{"start":{"line":110,"column":3},"end":{"line":110,"column":3}},{"start":{"line":110,"column":3},"end":{"line":110,"column":3}}]},"17":{"line":123,"type":"if","locations":[{"start":{"line":123,"column":3},"end":{"line":123,"column":3}},{"start":{"line":123,"column":3},"end":{"line":123,"column":3}}]},"18":{"line":123,"type":"binary-expr","locations":[{"start":{"line":123,"column":6},"end":{"line":123,"column":86}},{"start":{"line":124,"column":7},"end":{"line":124,"column":86}}]},"19":{"line":132,"type":"if","locations":[{"start":{"line":132,"column":1},"end":{"line":132,"column":1}},{"start":{"line":132,"column":1},"end":{"line":132,"column":1}}]}}}}