TN:
SF:C:\Users\99\Dropbox\Internet Computing\WorkingDirectory\assign3\javascripts\ball.js
FN:1,(anonymous_1)
FN:2,(anonymous_2)
FN:23,(anonymous_3)
FN:33,(anonymous_4)
FN:38,(anonymous_5)
FN:51,(anonymous_6)
FN:70,(anonymous_7)
FNF:7
FNH:7
FNDA:12,(anonymous_1)
FNDA:24,(anonymous_2)
FNDA:1,(anonymous_3)
FNDA:1,(anonymous_4)
FNDA:6,(anonymous_5)
FNDA:7,(anonymous_6)
FNDA:1,(anonymous_7)
DA:1,1
DA:2,12
DA:3,24
DA:6,12
DA:7,12
DA:8,12
DA:10,12
DA:11,12
DA:13,12
DA:14,12
DA:16,12
DA:17,12
DA:18,12
DA:19,12
DA:23,1
DA:24,1
DA:25,1
DA:26,1
DA:27,1
DA:28,1
DA:29,1
DA:30,1
DA:33,1
DA:34,1
DA:35,1
DA:38,1
DA:40,6
DA:42,6
DA:43,6
DA:45,6
DA:46,3
DA:47,3
DA:51,1
DA:53,7
DA:54,1
DA:55,6
DA:56,2
DA:57,4
DA:58,1
DA:59,3
DA:60,2
DA:61,2
DA:64,1
DA:65,1
DA:66,1
DA:70,1
DA:71,1
DA:75,1
LF:48
LH:48
BRDA:45,1,0,3
BRDA:45,1,1,3
BRDA:53,2,0,1
BRDA:53,2,1,6
BRDA:55,3,0,2
BRDA:55,3,1,4
BRDA:55,4,0,6
BRDA:55,4,1,5
BRDA:57,5,0,1
BRDA:57,5,1,3
BRDA:59,6,0,2
BRDA:59,6,1,1
BRF:12
BRH:12
end_of_record
TN:
SF:C:\Users\99\Dropbox\Internet Computing\WorkingDirectory\assign3\javascripts\gamelogic.js
FN:1,(anonymous_1)
FN:12,(anonymous_2)
FN:29,(anonymous_3)
FN:44,(anonymous_4)
FN:50,(anonymous_5)
FN:63,(anonymous_6)
FN:72,(anonymous_7)
FN:95,(anonymous_8)
FN:106,(anonymous_9)
FN:118,(anonymous_10)
FNF:10
FNH:10
FNDA:4,(anonymous_1)
FNDA:11,(anonymous_2)
FNDA:3,(anonymous_3)
FNDA:5,(anonymous_4)
FNDA:3,(anonymous_5)
FNDA:8,(anonymous_6)
FNDA:4,(anonymous_7)
FNDA:4,(anonymous_8)
FNDA:2,(anonymous_9)
FNDA:4,(anonymous_10)
DA:1,1
DA:2,4
DA:3,1
DA:4,3
DA:5,1
DA:6,2
DA:7,1
DA:9,1
DA:12,1
DA:13,11
DA:15,11
DA:16,6
DA:17,5
DA:18,1
DA:19,4
DA:20,1
DA:21,3
DA:22,2
DA:23,1
DA:24,1
DA:26,1
DA:29,1
DA:30,3
DA:31,5
DA:33,5
DA:35,5
DA:37,5
DA:39,5
DA:40,1
DA:44,1
DA:45,5
DA:46,3
DA:47,2
DA:50,1
DA:51,3
DA:53,3
DA:54,2
DA:55,1
DA:56,1
DA:60,3
DA:63,1
DA:64,8
DA:65,8
DA:66,8
DA:67,8
DA:68,4
DA:69,4
DA:72,1
DA:73,4
DA:76,4
DA:79,4
DA:82,4
DA:85,4
DA:92,4
DA:95,1
DA:96,4
DA:97,4
DA:98,4
DA:99,4
DA:100,4
DA:101,4
DA:102,4
DA:103,4
DA:106,1
DA:107,2
DA:108,6
DA:109,6
DA:110,6
DA:111,3
DA:112,3
DA:118,1
DA:119,4
DA:120,4
DA:121,10
DA:122,10
DA:123,8
DA:125,3
DA:126,3
DA:127,3
DA:132,4
DA:133,2
DA:137,1
DA:138,1
DA:139,1
DA:140,1
DA:141,1
DA:142,1
DA:143,1
DA:144,1
DA:145,1
DA:146,1
LF:91
LH:91
BRDA:2,1,0,1
BRDA:2,1,1,3
BRDA:4,2,0,1
BRDA:4,2,1,2
BRDA:6,3,0,1
BRDA:6,3,1,1
BRDA:15,4,0,6
BRDA:15,4,1,5
BRDA:17,5,0,1
BRDA:17,5,1,4
BRDA:19,6,0,1
BRDA:19,6,1,3
BRDA:21,7,0,2
BRDA:21,7,1,1
BRDA:22,8,0,1
BRDA:22,8,1,1
BRDA:22,9,0,2
BRDA:22,9,1,2
BRDA:39,10,0,1
BRDA:39,10,1,4
BRDA:45,11,0,3
BRDA:45,11,1,2
BRDA:45,12,0,5
BRDA:45,12,1,5
BRDA:53,13,0,2
BRDA:53,13,1,1
BRDA:54,14,0,1
BRDA:54,14,1,1
BRDA:67,15,0,4
BRDA:67,15,1,4
BRDA:110,16,0,3
BRDA:110,16,1,3
BRDA:123,17,0,3
BRDA:123,17,1,5
BRDA:123,18,0,8
BRDA:123,18,1,3
BRDA:132,19,0,2
BRDA:132,19,1,2
BRF:38
BRH:38
end_of_record
